<?xml version="1.0" encoding="UTF-8"?>
<!-- Generated by org.testng.reporters.JUnitXMLReporter -->
<testsuite ignored="0" hostname="DESKTOP-TIC5DM4" failures="0" tests="5" name="Surefire test" time="4.063" errors="0" timestamp="2024-08-28T20:53:58 IST">
  <testcase classname="milestone4.TestingRestAPI" name="getAllUsers" time="1.755"/>
  <testcase classname="milestone4.TestingRestAPI" name="createUser" time="0.46"/>
  <testcase classname="milestone4.TestingRestAPI" name="putUser" time="0.447"/>
  <testcase classname="milestone4.TestingRestAPI" name="patchUser" time="0.416"/>
  <testcase classname="milestone4.TestingRestAPI" name="deleteUser" time="0.391"/>
</testsuite> <!-- Surefire test -->
