<?xml version="1.0" encoding="UTF-8"?>
<testng-results ignored="0" total="5" passed="5" failed="0" skipped="0">
  <reporter-output>
  </reporter-output>
  <suite started-at="2024-08-28T20:53:54 IST" name="Surefire suite" finished-at="2024-08-28T20:53:58 IST" duration-ms="4063">
    <groups>
    </groups>
    <test started-at="2024-08-28T20:53:54 IST" name="Surefire test" finished-at="2024-08-28T20:53:58 IST" duration-ms="4063">
      <class name="milestone4.TestingRestAPI">
        <test-method is-config="true" signature="setUp()[pri:0, instance:milestone4.TestingRestAPI@229d10bd]" started-at="2024-08-28T20:53:54 IST" name="setUp" finished-at="2024-08-28T20:53:54 IST" duration-ms="540" status="PASS">
          <reporter-output>
          </reporter-output>
        </test-method> <!-- setUp -->
        <test-method signature="getAllUsers()[pri:1, instance:milestone4.TestingRestAPI@229d10bd]" started-at="2024-08-28T20:53:54 IST" name="getAllUsers" finished-at="2024-08-28T20:53:56 IST" duration-ms="1755" status="PASS">
          <reporter-output>
          </reporter-output>
        </test-method> <!-- getAllUsers -->
        <test-method signature="createUser()[pri:2, instance:milestone4.TestingRestAPI@229d10bd]" started-at="2024-08-28T20:53:56 IST" name="createUser" finished-at="2024-08-28T20:53:57 IST" duration-ms="460" status="PASS">
          <reporter-output>
          </reporter-output>
        </test-method> <!-- createUser -->
        <test-method signature="putUser()[pri:3, instance:milestone4.TestingRestAPI@229d10bd]" started-at="2024-08-28T20:53:57 IST" name="putUser" finished-at="2024-08-28T20:53:57 IST" duration-ms="447" status="PASS">
          <reporter-output>
          </reporter-output>
        </test-method> <!-- putUser -->
        <test-method signature="patchUser()[pri:4, instance:milestone4.TestingRestAPI@229d10bd]" started-at="2024-08-28T20:53:57 IST" name="patchUser" finished-at="2024-08-28T20:53:57 IST" duration-ms="416" status="PASS">
          <reporter-output>
          </reporter-output>
        </test-method> <!-- patchUser -->
        <test-method signature="deleteUser()[pri:5, instance:milestone4.TestingRestAPI@229d10bd]" started-at="2024-08-28T20:53:57 IST" name="deleteUser" finished-at="2024-08-28T20:53:58 IST" duration-ms="391" status="PASS">
          <reporter-output>
          </reporter-output>
        </test-method> <!-- deleteUser -->
      </class> <!-- milestone4.TestingRestAPI -->
    </test> <!-- Surefire test -->
  </suite> <!-- Surefire suite -->
</testng-results>
