<?xml version="1.0" encoding="UTF-8"?>
<testsuite xmlns:xsi="http://www.w3.org/2001/XMLSchema-instance" xsi:noNamespaceSchemaLocation="https://maven.apache.org/surefire/maven-surefire-plugin/xsd/surefire-test-report-3.0.xsd" version="3.0" name="milestone4.TestingRestAPI" time="4.619" tests="5" errors="0" skipped="0" failures="0">
  <properties>
[...]
</properties>
  <testcase name="getAllUsers" classname="milestone4.TestingRestAPI" time="1.755">
    <system-out><![CDATA[*******get all users*****
Request method:	GET
Request URI:	https://reqres.in/api/users?page=2
Proxy:			<none>
Request params:	<none>
Query params:	<none>
Form params:	<none>
Path params:	<none>
Headers:		Accept=*/*
Cookies:		<none>
Multiparts:		<none>
Body:			<none>
HTTP/1.1 200 OK
Date: Wed, 28 Aug 2024 15:23:57 GMT
Content-Type: application/json; charset=utf-8
Transfer-Encoding: chunked
Connection: keep-alive
Report-To: {"group":"heroku-nel","max_age":3600,"endpoints":[{"url":"https://nel.heroku.com/reports?ts=1724768275&sid=c4c9725f-1ab0-44d8-820f-430df2718e11&s=3BhEX2Wbqn%2Bqm%2B%2BJQdnc90vORZNZGS2L0VN5tErwuEY%3D"}]}
Reporting-Endpoints: heroku-nel=https://nel.heroku.com/reports?ts=1724768275&sid=c4c9725f-1ab0-44d8-820f-430df2718e11&s=3BhEX2Wbqn%2Bqm%2B%2BJQdnc90vORZNZGS2L0VN5tErwuEY%3D
Nel: {"report_to":"heroku-nel","max_age":3600,"success_fraction":0.005,"failure_fraction":0.05,"response_headers":["Via"]}
X-Powered-By: Express
Access-Control-Allow-Origin: *
Etag: W/"406-ut0vzoCuidvyMf8arZpMpJ6ZRDw"
Via: 1.1 vegur
Cache-Control: max-age=14400
CF-Cache-Status: HIT
Age: 3717
Vary: Accept-Encoding
Server: cloudflare
CF-RAY: 8ba54e319ae73a47-BOM
Content-Encoding: gzip

{
    "page": 2,
    "per_page": 6,
    "total": 12,
    "total_pages": 2,
    "data": [
        {
            "id": 7,
            "email": "michael.lawson@reqres.in",
            "first_name": "Michael",
            "last_name": "Lawson",
            "avatar": "https://reqres.in/img/faces/7-image.jpg"
        },
        {
            "id": 8,
            "email": "lindsay.ferguson@reqres.in",
            "first_name": "Lindsay",
            "last_name": "Ferguson",
            "avatar": "https://reqres.in/img/faces/8-image.jpg"
        },
        {
            "id": 9,
            "email": "tobias.funke@reqres.in",
            "first_name": "Tobias",
            "last_name": "Funke",
            "avatar": "https://reqres.in/img/faces/9-image.jpg"
        },
        {
            "id": 10,
            "email": "byron.fields@reqres.in",
            "first_name": "Byron",
            "last_name": "Fields",
            "avatar": "https://reqres.in/img/faces/10-image.jpg"
        },
        {
            "id": 11,
            "email": "george.edwards@reqres.in",
            "first_name": "George",
            "last_name": "Edwards",
            "avatar": "https://reqres.in/img/faces/11-image.jpg"
        },
        {
            "id": 12,
            "email": "rachel.howell@reqres.in",
            "first_name": "Rachel",
            "last_name": "Howell",
            "avatar": "https://reqres.in/img/faces/12-image.jpg"
        }
    ],
    "support": {
        "url": "https://reqres.in/#support-heading",
        "text": "To keep ReqRes free, contributions towards server costs are appreciated!"
    }
}
]]></system-out>
    <system-err><![CDATA[SLF4J: Failed to load class "org.slf4j.impl.StaticLoggerBinder".
SLF4J: Defaulting to no-operation (NOP) logger implementation
SLF4J: See http://www.slf4j.org/codes.html#StaticLoggerBinder for further details.
]]></system-err>
  </testcase>
  <testcase name="createUser" classname="milestone4.TestingRestAPI" time="0.468">
    <system-out><![CDATA[******create user*****
Request method:	POST
Request URI:	https://reqres.in/api/users/
Proxy:			<none>
Request params:	<none>
Query params:	<none>
Form params:	<none>
Path params:	<none>
Headers:		Accept=*/*
				Content-Type=text/plain; charset=ISO-8859-1
Cookies:		<none>
Multiparts:		<none>
Body:
{
    "name": "rabbani",
    "job": "tester"
}
HTTP/1.1 201 Created
Date: Wed, 28 Aug 2024 15:23:57 GMT
Content-Type: application/json; charset=utf-8
Content-Length: 50
Connection: keep-alive
Report-To: {"group":"heroku-nel","max_age":3600,"endpoints":[{"url":"https://nel.heroku.com/reports?ts=1724858637&sid=c4c9725f-1ab0-44d8-820f-430df2718e11&s=1fHAfTBGy0FnxZL1hLSW%2FWOZF1dVSod0j9UmHEK45CI%3D"}]}
Reporting-Endpoints: heroku-nel=https://nel.heroku.com/reports?ts=1724858637&sid=c4c9725f-1ab0-44d8-820f-430df2718e11&s=1fHAfTBGy0FnxZL1hLSW%2FWOZF1dVSod0j9UmHEK45CI%3D
Nel: {"report_to":"heroku-nel","max_age":3600,"success_fraction":0.005,"failure_fraction":0.05,"response_headers":["Via"]}
X-Powered-By: Express
Access-Control-Allow-Origin: *
Etag: W/"32-YK9SMmBL+63L1L2+gIy1zqiTZ4Q"
Via: 1.1 vegur
CF-Cache-Status: DYNAMIC
Server: cloudflare
CF-RAY: 8ba54e332ffe836f-BOM

{
    "id": "77",
    "createdAt": "2024-08-28T15:23:57.590Z"
}
]]></system-out>
  </testcase>
  <testcase name="putUser" classname="milestone4.TestingRestAPI" time="0.446">
    <system-out><![CDATA[******put user******
Request method:	PUT
Request URI:	https://reqres.in/api/users/2
Proxy:			<none>
Request params:	<none>
Query params:	<none>
Form params:	<none>
Path params:	<none>
Headers:		Accept=*/*
				Content-Type=text/plain; charset=ISO-8859-1
Cookies:		<none>
Multiparts:		<none>
Body:
{
    "name": "shaik",
    "job": "tester"
}
HTTP/1.1 200 OK
Date: Wed, 28 Aug 2024 15:23:58 GMT
Content-Type: application/json; charset=utf-8
Content-Length: 40
Connection: keep-alive
Report-To: {"group":"heroku-nel","max_age":3600,"endpoints":[{"url":"https://nel.heroku.com/reports?ts=1724858638&sid=c4c9725f-1ab0-44d8-820f-430df2718e11&s=PzTnGzo3HoiNS1vTdOCdkT82u4HQn52jLYGJT14k6U8%3D"}]}
Reporting-Endpoints: heroku-nel=https://nel.heroku.com/reports?ts=1724858638&sid=c4c9725f-1ab0-44d8-820f-430df2718e11&s=PzTnGzo3HoiNS1vTdOCdkT82u4HQn52jLYGJT14k6U8%3D
Nel: {"report_to":"heroku-nel","max_age":3600,"success_fraction":0.005,"failure_fraction":0.05,"response_headers":["Via"]}
X-Powered-By: Express
Access-Control-Allow-Origin: *
Etag: W/"28-gCpreuLsi7CAwunMrdlPAw6y+Tg"
Via: 1.1 vegur
CF-Cache-Status: DYNAMIC
Vary: Accept-Encoding
Server: cloudflare
CF-RAY: 8ba54e360d683b15-BOM

{
    "updatedAt": "2024-08-28T15:23:58.031Z"
}
]]></system-out>
  </testcase>
  <testcase name="patchUser" classname="milestone4.TestingRestAPI" time="0.417">
    <system-out><![CDATA[*******patch user******
Request method:	PATCH
Request URI:	https://reqres.in/api/users/2
Proxy:			<none>
Request params:	<none>
Query params:	<none>
Form params:	<none>
Path params:	<none>
Headers:		Accept=*/*
				Content-Type=text/plain; charset=ISO-8859-1
Cookies:		<none>
Multiparts:		<none>
Body:
{
    "name": "rabbani-updated",
}
HTTP/1.1 200 OK
Date: Wed, 28 Aug 2024 15:23:58 GMT
Content-Type: application/json; charset=utf-8
Content-Length: 40
Connection: keep-alive
Report-To: {"group":"heroku-nel","max_age":3600,"endpoints":[{"url":"https://nel.heroku.com/reports?ts=1724858638&sid=c4c9725f-1ab0-44d8-820f-430df2718e11&s=PzTnGzo3HoiNS1vTdOCdkT82u4HQn52jLYGJT14k6U8%3D"}]}
Reporting-Endpoints: heroku-nel=https://nel.heroku.com/reports?ts=1724858638&sid=c4c9725f-1ab0-44d8-820f-430df2718e11&s=PzTnGzo3HoiNS1vTdOCdkT82u4HQn52jLYGJT14k6U8%3D
Nel: {"report_to":"heroku-nel","max_age":3600,"success_fraction":0.005,"failure_fraction":0.05,"response_headers":["Via"]}
X-Powered-By: Express
Access-Control-Allow-Origin: *
Etag: W/"28-kotwngBmQc0PCPwIdSWAq8WhcKY"
Via: 1.1 vegur
CF-Cache-Status: DYNAMIC
Server: cloudflare
CF-RAY: 8ba54e38e9943fe6-BOM

{
    "updatedAt": "2024-08-28T15:23:58.457Z"
}
]]></system-out>
  </testcase>
  <testcase name="deleteUser" classname="milestone4.TestingRestAPI" time="0.389">
    <system-out><![CDATA[*********delete user********
Request method:	DELETE
Request URI:	https://reqres.in/api/users/2
Proxy:			<none>
Request params:	<none>
Query params:	<none>
Form params:	<none>
Path params:	<none>
Headers:		Accept=*/*
Cookies:		<none>
Multiparts:		<none>
Body:			<none>
HTTP/1.1 204 No Content
Date: Wed, 28 Aug 2024 15:23:58 GMT
Content-Length: 0
Connection: keep-alive
Report-To: {"group":"heroku-nel","max_age":3600,"endpoints":[{"url":"https://nel.heroku.com/reports?ts=1724858638&sid=c4c9725f-1ab0-44d8-820f-430df2718e11&s=PzTnGzo3HoiNS1vTdOCdkT82u4HQn52jLYGJT14k6U8%3D"}]}
Reporting-Endpoints: heroku-nel=https://nel.heroku.com/reports?ts=1724858638&sid=c4c9725f-1ab0-44d8-820f-430df2718e11&s=PzTnGzo3HoiNS1vTdOCdkT82u4HQn52jLYGJT14k6U8%3D
Nel: {"report_to":"heroku-nel","max_age":3600,"success_fraction":0.005,"failure_fraction":0.05,"response_headers":["Via"]}
X-Powered-By: Express
Access-Control-Allow-Origin: *
Etag: W/"2-vyGp6PvFo4RvsFtPoIWeCReyIC8"
Via: 1.1 vegur
CF-Cache-Status: DYNAMIC
Server: cloudflare
CF-RAY: 8ba54e3b68733c22-BOM
]]></system-out>
  </testcase>
</testsuite>