<?xml version="1.0" encoding="UTF-8"?>
<testng-results ignored="0" total="5" passed="5" failed="0" skipped="0">
  <reporter-output>
  </reporter-output>
  <suite started-at="2024-08-28T20:38:06 IST" name="Default suite" finished-at="2024-08-28T20:38:11 IST" duration-ms="4247">
    <groups>
    </groups>
    <test started-at="2024-08-28T20:38:06 IST" name="Default test" finished-at="2024-08-28T20:38:11 IST" duration-ms="4247">
      <class name="milestone4.TestingRestAPI">
        <test-method is-config="true" signature="setUp()[pri:0, instance:milestone4.TestingRestAPI@3c19aaa5]" started-at="2024-08-28T20:38:06 IST" name="setUp" finished-at="2024-08-28T20:38:07 IST" duration-ms="508" status="PASS">
          <reporter-output>
          </reporter-output>
        </test-method> <!-- setUp -->
        <test-method signature="getAllUsers()[pri:1, instance:milestone4.TestingRestAPI@3c19aaa5]" started-at="2024-08-28T20:38:07 IST" name="getAllUsers" finished-at="2024-08-28T20:38:09 IST" duration-ms="1882" status="PASS">
          <reporter-output>
          </reporter-output>
        </test-method> <!-- getAllUsers -->
        <test-method signature="createUser()[pri:2, instance:milestone4.TestingRestAPI@3c19aaa5]" started-at="2024-08-28T20:38:09 IST" name="createUser" finished-at="2024-08-28T20:38:09 IST" duration-ms="524" status="PASS">
          <reporter-output>
          </reporter-output>
        </test-method> <!-- createUser -->
        <test-method signature="putUser()[pri:3, instance:milestone4.TestingRestAPI@3c19aaa5]" started-at="2024-08-28T20:38:09 IST" name="putUser" finished-at="2024-08-28T20:38:10 IST" duration-ms="403" status="PASS">
          <reporter-output>
          </reporter-output>
        </test-method> <!-- putUser -->
        <test-method signature="patchUser()[pri:4, instance:milestone4.TestingRestAPI@3c19aaa5]" started-at="2024-08-28T20:38:10 IST" name="patchUser" finished-at="2024-08-28T20:38:10 IST" duration-ms="453" status="PASS">
          <reporter-output>
          </reporter-output>
        </test-method> <!-- patchUser -->
        <test-method signature="deleteUser()[pri:5, instance:milestone4.TestingRestAPI@3c19aaa5]" started-at="2024-08-28T20:38:10 IST" name="deleteUser" finished-at="2024-08-28T20:38:11 IST" duration-ms="410" status="PASS">
          <reporter-output>
          </reporter-output>
        </test-method> <!-- deleteUser -->
      </class> <!-- milestone4.TestingRestAPI -->
    </test> <!-- Default test -->
  </suite> <!-- Default suite -->
</testng-results>
